<?xml version="1.0" encoding="UTF-8"?>
<!-- Generated by org.testng.reporters.JUnitReportReporter -->
<testsuite hostname="BrendenT" name="com.booj.base.PassTest" tests="1" failures="0" timestamp="14 Mar 2015 00:40:03 GMT" time="14.814" errors="0">
  <testcase name="test_Account_Login_Page_Appear_Correct_Pass" time="14.814" classname="com.booj.base.PassTest"/>
</testsuite> <!-- com.booj.base.PassTest -->
