<?xml version="1.0" encoding="UTF-8"?>
<!-- Generated by org.testng.reporters.JUnitReportReporter -->
<testsuite hostname="BrendenT" name="com.booj.base.V2" tests="1" failures="0" timestamp="7 Apr 2015 17:52:54 GMT" time="6.042" errors="0">
  <testcase name="scenario" time="6.042" classname="com.booj.base.V2"/>
</testsuite> <!-- com.booj.base.V2 -->
