<?xml version="1.0" encoding="UTF-8"?>
<!-- Generated by org.testng.reporters.JUnitReportReporter -->
<testsuite hostname="BrendenT" name="com.booj.driver.Driver4" tests="2" failures="0" timestamp="4 Apr 2015 23:38:42 GMT" time="38.874" errors="0">
  <testcase name="Geek" time="21.182" classname="com.booj.driver.Driver4"/>
  <testcase name="Baird" time="17.692" classname="com.booj.driver.Driver4"/>
</testsuite> <!-- com.booj.driver.Driver4 -->
