<?xml version="1.0" encoding="UTF-8"?>
<!-- Generated by org.testng.reporters.JUnitReportReporter -->
<testsuite hostname="BrendenT" name="com.booj.base.IfTest" tests="1" failures="0" timestamp="18 Mar 2015 17:01:30 GMT" time="0.013" errors="0">
  <testcase name="thtl" time="0.013" classname="com.booj.base.IfTest"/>
</testsuite> <!-- com.booj.base.IfTest -->
