<?xml version="1.0" encoding="UTF-8"?>
<!-- Generated by org.testng.reporters.JUnitReportReporter -->
<testsuite hostname="BrendenT" name="com.booj.base.StaticTest" tests="1" failures="0" timestamp="4 Mar 2015 00:20:35 GMT" time="13.007" errors="0">
  <testcase name="test_Account_Login_Page_Appear_Correct_Pass" time="13.007" classname="com.booj.base.StaticTest"/>
</testsuite> <!-- com.booj.base.StaticTest -->
