<?xml version="1.0" encoding="UTF-8"?>
<!-- Generated by org.testng.reporters.JUnitReportReporter -->
<testsuite hostname="BrendenT" name="com.booj.base.testte" tests="1" failures="0" timestamp="6 Mar 2015 23:09:10 GMT" time="0.009" errors="0">
  <testcase name="test" time="0.009" classname="com.booj.base.testte"/>
</testsuite> <!-- com.booj.base.testte -->
