<?xml version="1.0" encoding="UTF-8"?>
<!-- Generated by org.testng.reporters.JUnitReportReporter -->
<testsuite hostname="BrendenT" name="com.booj.base.IfTest" tests="1" failures="0" timestamp="20 Mar 2015 04:12:58 GMT" time="7.078" errors="0">
  <testcase name="fart" time="7.078" classname="com.booj.base.IfTest"/>
</testsuite> <!-- com.booj.base.IfTest -->
