<?xml version="1.0" encoding="UTF-8"?>
<!-- Generated by org.testng.reporters.JUnitReportReporter -->
<testsuite hostname="BrendenT" name="com.booj.base.Testt" tests="1" failures="0" timestamp="17 Mar 2015 20:37:11 GMT" time="0.009" errors="0">
  <testcase name="thtl" time="0.009" classname="com.booj.base.Testt"/>
</testsuite> <!-- com.booj.base.Testt -->
