<?xml version="1.0" encoding="UTF-8"?>
<!-- Generated by org.testng.reporters.JUnitReportReporter -->
<testsuite hostname="BrendenT" name="com.booj.base.Trythis" tests="2" failures="0" timestamp="4 Apr 2015 22:40:02 GMT" time="16.882" errors="0">
  <testcase name="Baird" time="8.475" classname="com.booj.base.Trythis"/>
  <testcase name="Geek" time="8.407" classname="com.booj.base.Trythis"/>
</testsuite> <!-- com.booj.base.Trythis -->
