<?xml version="1.0" encoding="UTF-8"?>
<!-- Generated by org.testng.reporters.JUnitReportReporter -->
<testsuite hostname="BrendenT" name="com.booj.base.PassTest" tests="1" failures="0" timestamp="2 Mar 2015 21:37:44 GMT" time="21.697" errors="0">
  <testcase name="test_Account_Login_Page_Appear_Correct_Pass" time="21.697" classname="com.booj.base.PassTest"/>
</testsuite> <!-- com.booj.base.PassTest -->
